2025-08-04 16:25:51,393 - INFO - main - 微信 AI 自动回复脚本已启动。
2025-08-04 16:25:51,394 - INFO - main - 正在监视菜单栏区域: [1034, 0, 38, 24]
2025-08-04 16:26:36,286 - INFO - vision - 检测到图标变化。pHash 距离: 34 (阈值: 5)
2025-08-04 16:26:36,287 - INFO - main - 侦测到菜单栏图标变化，启动处理流程！
2025-08-04 16:26:36,287 - INFO - automation - 点击菜单栏图标，准备打开微信...
2025-08-04 16:26:38,125 - INFO - main - 进入消息处理模式...
2025-08-04 16:26:38,288 - INFO - vision -     └──> 启动高级OCR预处理流水线...
2025-08-04 16:26:38,297 - INFO - vision -     └──> 高级OCR预处理完成。
2025-08-04 16:26:38,740 - INFO - main - 读取到新内容: '如果可以征播，他应该不会介电的'
2025-08-04 16:26:38,740 - INFO - ai_service - 向AI发送内容: '如果可以征播，他应该不会介电的'
2025-08-04 16:26:39,602 - INFO - ai_service - 收到AI回复: '[AI 自动回复] 征播啊... 我觉得他应该是不介意的。毕...'
2025-08-04 16:26:39,603 - INFO - automation - 准备发送消息: [AI 自动回复] 征播啊... 我觉得他应该是不介意的。毕...
2025-08-04 16:26:40,164 - INFO - automation - 消息已发送。
2025-08-04 16:26:41,831 - INFO - vision -     └──> 启动高级OCR预处理流水线...
2025-08-04 16:26:41,831 - INFO - vision -     └──> 高级OCR预处理完成。
2025-08-04 16:26:42,029 - INFO - automation - 正在寻找下一个未读消息...
2025-08-04 16:26:42,169 - INFO - vision -     └──> 启动高级OCR预处理流水线...
2025-08-04 16:26:42,170 - INFO - vision -     └──> 高级OCR预处理完成。
2025-08-04 16:26:43,692 - INFO - vision -     └──> 启动高级OCR预处理流水线...
2025-08-04 16:26:43,693 - INFO - vision -     └──> 高级OCR预处理完成。
2025-08-04 16:26:44,288 - INFO - automation - 成功跳转到一个新对话！
2025-08-04 16:26:44,288 - INFO - main - 进入消息处理模式...
2025-08-04 16:26:44,424 - INFO - vision -     └──> 启动高级OCR预处理流水线...
2025-08-04 16:26:44,424 - INFO - vision -     └──> 高级OCR预处理完成。
2025-08-04 16:26:45,020 - INFO - main - 读取到新内容: '| OT NN EE OL   BL | -~'
2025-08-04 16:26:45,020 - INFO - ai_service - 向AI发送内容: '| OT NN EE OL   BL | -~'
2025-08-04 16:26:46,042 - INFO - ai_service - 收到AI回复: '[AI 自动回复] 嗯... 这串字符有点神秘啊！你是想表达...'
2025-08-04 16:26:46,042 - INFO - automation - 准备发送消息: [AI 自动回复] 嗯... 这串字符有点神秘啊！你是想表达...
2025-08-04 16:26:46,583 - INFO - automation - 消息已发送。
2025-08-04 16:26:48,273 - INFO - vision -     └──> 启动高级OCR预处理流水线...
2025-08-04 16:26:48,274 - INFO - vision -     └──> 高级OCR预处理完成。
2025-08-04 16:26:48,480 - INFO - automation - 正在寻找下一个未读消息...
2025-08-04 16:26:48,609 - INFO - vision -     └──> 启动高级OCR预处理流水线...
2025-08-04 16:26:48,610 - INFO - vision -     └──> 高级OCR预处理完成。
2025-08-04 16:26:50,127 - INFO - vision -     └──> 启动高级OCR预处理流水线...
2025-08-04 16:26:50,128 - INFO - vision -     └──> 高级OCR预处理完成。
2025-08-04 16:26:50,828 - INFO - automation - 成功跳转到一个新对话！
2025-08-04 16:26:50,828 - INFO - main - 进入消息处理模式...
2025-08-04 16:26:50,964 - INFO - vision -     └──> 启动高级OCR预处理流水线...
2025-08-04 16:26:50,965 - INFO - vision -     └──> 高级OCR预处理完成。
2025-08-04 16:26:51,663 - INFO - main - 读取到新内容: 'meS38ge3  IRS, EAM) SS SE: SLs) SEER ce'
2025-08-04 16:26:51,664 - INFO - ai_service - 向AI发送内容: 'meS38ge3  IRS, EAM) SS SE: SLs) SEER ce'
2025-08-04 16:26:52,493 - INFO - ai_service - 收到AI回复: '[AI 自动回复] 抱歉，这段信息我没能完全识别出来，可能我...'
2025-08-04 16:26:52,493 - INFO - automation - 准备发送消息: [AI 自动回复] 抱歉，这段信息我没能完全识别出来，可能我...
2025-08-04 16:26:53,022 - INFO - automation - 消息已发送。
2025-08-04 16:26:54,699 - INFO - vision -     └──> 启动高级OCR预处理流水线...
2025-08-04 16:26:54,699 - INFO - vision -     └──> 高级OCR预处理完成。
2025-08-04 16:26:55,055 - INFO - automation - 正在寻找下一个未读消息...
2025-08-04 16:26:55,190 - INFO - vision -     └──> 启动高级OCR预处理流水线...
2025-08-04 16:26:55,191 - INFO - vision -     └──> 高级OCR预处理完成。
2025-08-04 16:26:56,830 - INFO - vision -     └──> 启动高级OCR预处理流水线...
2025-08-04 16:26:56,831 - INFO - vision -     └──> 高级OCR预处理完成。
2025-08-04 16:26:57,519 - INFO - automation - 成功跳转到一个新对话！
2025-08-04 16:26:57,519 - INFO - main - 进入消息处理模式...
2025-08-04 16:26:57,660 - INFO - vision -     └──> 启动高级OCR预处理流水线...
2025-08-04 16:26:57,661 - INFO - vision -     └──> 高级OCR预处理完成。
2025-08-04 16:26:58,343 - INFO - main - 读取到新内容: 'LS messages]  —AF eee S00 1 EDEL 六其平和正三共用可起 PUT ae'
2025-08-04 16:26:58,343 - INFO - ai_service - 向AI发送内容: 'LS messages]  —AF eee S00 1 EDEL 六其平和正三共用可起 PUT ae'
2025-08-04 16:26:59,187 - INFO - ai_service - 收到AI回复: '[AI 自动回复] 还是有点模糊呢，我只能勉强看到一些中文和...'
2025-08-04 16:26:59,188 - INFO - automation - 准备发送消息: [AI 自动回复] 还是有点模糊呢，我只能勉强看到一些中文和...
2025-08-04 16:26:59,724 - INFO - automation - 消息已发送。
2025-08-04 16:27:01,423 - INFO - vision -     └──> 启动高级OCR预处理流水线...
2025-08-04 16:27:01,424 - INFO - vision -     └──> 高级OCR预处理完成。
2025-08-04 16:27:01,794 - INFO - automation - 正在寻找下一个未读消息...
2025-08-04 16:27:01,934 - INFO - vision -     └──> 启动高级OCR预处理流水线...
2025-08-04 16:27:01,934 - INFO - vision -     └──> 高级OCR预处理完成。
2025-08-04 16:27:03,630 - INFO - vision -     └──> 启动高级OCR预处理流水线...
2025-08-04 16:27:03,630 - INFO - vision -     └──> 高级OCR预处理完成。
2025-08-04 16:27:03,988 - INFO - automation - 跳转后内容无变化，判定为已无更多未读对话。
2025-08-04 16:27:03,988 - INFO - automation - 回复完毕，隐藏微信窗口...
2025-08-04 16:27:04,811 - INFO - automation - 已发送 Command+H 快捷键。
2025-08-04 16:27:04,811 - INFO - main - ...所有消息处理完毕，已返回侦察模式...
2025-08-04 16:27:36,699 - INFO - vision - 检测到图标变化。pHash 距离: 34 (阈值: 5)
2025-08-04 16:27:36,699 - INFO - main - 侦测到菜单栏图标变化，启动处理流程！
2025-08-04 16:27:36,699 - INFO - automation - 点击菜单栏图标，准备打开微信...
2025-08-04 16:27:38,031 - INFO - main - 进入消息处理模式...
2025-08-04 16:27:38,193 - INFO - vision -     └──> 启动高级OCR预处理流水线...
2025-08-04 16:27:38,194 - INFO - vision -     └──> 高级OCR预处理完成。
2025-08-04 16:27:38,448 - INFO - main - 无新内容或与上次相同，无需处理。
2025-08-04 16:27:38,448 - INFO - automation - 正在寻找下一个未读消息...
2025-08-04 16:27:38,584 - INFO - vision -     └──> 启动高级OCR预处理流水线...
2025-08-04 16:27:38,585 - INFO - vision -     └──> 高级OCR预处理完成。
2025-08-04 16:27:40,128 - INFO - vision -     └──> 启动高级OCR预处理流水线...
2025-08-04 16:27:40,129 - INFO - vision -     └──> 高级OCR预处理完成。
2025-08-04 16:27:40,390 - INFO - automation - 成功跳转到一个新对话！
2025-08-04 16:27:40,390 - INFO - main - 进入消息处理模式...
2025-08-04 16:27:40,523 - INFO - vision -     └──> 启动高级OCR预处理流水线...
2025-08-04 16:27:40,523 - INFO - vision -     └──> 高级OCR预处理完成。
2025-08-04 16:27:40,778 - INFO - main - 读取到新内容: '你是怎么工作的你是怎么工作的你是怎么工作'
2025-08-04 16:27:40,778 - INFO - ai_service - 向AI发送内容: '你是怎么工作的你是怎么工作的你是怎么工作'
2025-08-04 16:27:43,184 - INFO - ai_service - 收到AI回复: '[AI 自动回复] 哈哈，看来你对我的工作方式很好奇嘛！😎 ...'
2025-08-04 16:27:43,184 - INFO - automation - 准备发送消息: [AI 自动回复] 哈哈，看来你对我的工作方式很好奇嘛！😎 ...
2025-08-04 16:27:43,718 - INFO - automation - 消息已发送。
2025-08-04 16:27:45,396 - INFO - vision -     └──> 启动高级OCR预处理流水线...
2025-08-04 16:27:45,397 - INFO - vision -     └──> 高级OCR预处理完成。
2025-08-04 16:27:45,681 - INFO - automation - 正在寻找下一个未读消息...
2025-08-04 16:27:45,826 - INFO - vision -     └──> 启动高级OCR预处理流水线...
2025-08-04 16:27:45,827 - INFO - vision -     └──> 高级OCR预处理完成。
2025-08-04 16:27:47,418 - INFO - vision -     └──> 启动高级OCR预处理流水线...
2025-08-04 16:27:47,419 - INFO - vision -     └──> 高级OCR预处理完成。
2025-08-04 16:27:47,689 - INFO - automation - 跳转后内容无变化，判定为已无更多未读对话。
2025-08-04 16:27:47,689 - INFO - automation - 回复完毕，隐藏微信窗口...
2025-08-04 16:27:48,526 - INFO - automation - 已发送 Command+H 快捷键。
2025-08-04 16:27:48,527 - INFO - main - ...所有消息处理完毕，已返回侦察模式...
2025-08-04 16:47:28,435 - INFO - main - 脚本已手动停止。
